<?xml version="1.0" encoding="UTF-8" ?>
<testsuite failures="0" time="2.932" errors="0" skipped="0" tests="3" name="com.cj.ebike.service.ProductTest">
  <properties>
    <property name="java.runtime.name" value="Java(TM) SE Runtime Environment"/>
    <property name="sun.boot.library.path" value="D:\Soft\Java\jre\bin"/>
    <property name="java.vm.version" value="1.6.0_01-b06"/>
    <property name="java.vm.vendor" value="Sun Microsystems Inc."/>
    <property name="java.vendor.url" value="http://java.sun.com/"/>
    <property name="path.separator" value=";"/>
    <property name="guice.disable.misplaced.annotation.check" value="true"/>
    <property name="java.vm.name" value="Java HotSpot(TM) Client VM"/>
    <property name="file.encoding.pkg" value="sun.io"/>
    <property name="user.country" value="CN"/>
    <property name="sun.java.launcher" value="SUN_STANDARD"/>
    <property name="sun.os.patch.level" value=""/>
    <property name="java.vm.specification.name" value="Java Virtual Machine Specification"/>
    <property name="user.dir" value="E:\MySpace\ebike-parent"/>
    <property name="java.runtime.version" value="1.6.0_01-b06"/>
    <property name="java.awt.graphicsenv" value="sun.awt.Win32GraphicsEnvironment"/>
    <property name="java.endorsed.dirs" value="D:\Soft\Java\jre\lib\endorsed"/>
    <property name="os.arch" value="x86"/>
    <property name="java.io.tmpdir" value="C:\Users\cj\AppData\Local\Temp\"/>
    <property name="line.separator" value="
"/>
    <property name="java.vm.specification.vendor" value="Sun Microsystems Inc."/>
    <property name="user.variant" value=""/>
    <property name="os.name" value="Windows Vista"/>
    <property name="classworlds.conf" value="E:\MySpace\.metadata\.plugins\org.eclipse.m2e.core\launches\m2conf55954.tmp"/>
    <property name="sun.jnu.encoding" value="GBK"/>
    <property name="java.library.path" value="D:\Soft\Java\bin;.;C:\Windows\Sun\Java\bin;C:\Windows\system32;C:\Windows;D:/Soft/Java/bin/../jre/bin/client;D:/Soft/Java/bin/../jre/bin;D:/Soft/Java/bin/../jre/lib/i386;D:\Soft\nexus-2.2-01-bundle\nexus-2.2-01\bin;D:\Soft\Maven3.0.4\bin;D:\oracle\product\10.2.0\client_2\bin;D:\oracle\product\10.2.0\client_1;C:\Program Files\Intel\iCLS Client\;D:\Soft\Java\bin;C:\Windows\system32;C:\Windows;C:\Windows\System32\Wbem;C:\Windows\System32\WindowsPowerShell\v1.0\;C:\Program Files\Windows7Master;C:\Program Files\Common Files\Thunder Network\KanKan\Codecs;C:\Program Files\Intel\Intel(R) Management Engine Components\DAL;C:\Program Files\Intel\Intel(R) Management Engine Components\IPT;C:\Program Files\Intel\OpenCL SDK\2.0\bin\x86;C:\Program Files\Microsoft SQL Server\90\Tools\binn\;C:\Program Files\Microsoft SQL Server\100\Tools\Binn\;C:\Program Files\Microsoft SQL Server\100\DTS\Binn\;C:\Program Files\Microsoft SQL Server\100\Tools\Binn\VSShell\Common7\IDE\;C:\Program Files\Microsoft Visual Studio 9.0\Common7\IDE\PrivateAssemblies\;C:\Program Files\TortoiseSVN\bin;C:\Program Files\VisualSVN\bin;E:\svn\Subversion\bin;C:\Program Files\Microsoft ASP.NET\ASP.NET Web Pages\v1.0\;D:\Soft\eclipse-jee;"/>
    <property name="java.specification.name" value="Java Platform API Specification"/>
    <property name="java.class.version" value="50.0"/>
    <property name="sun.management.compiler" value="HotSpot Client Compiler"/>
    <property name="os.version" value="6.1"/>
    <property name="user.home" value="C:\Users\cj"/>
    <property name="user.timezone" value="Asia/Shanghai"/>
    <property name="java.awt.printerjob" value="sun.awt.windows.WPrinterJob"/>
    <property name="file.encoding" value="GBK"/>
    <property name="java.specification.version" value="1.6"/>
    <property name="user.name" value="cj"/>
    <property name="java.class.path" value="D:\Soft\Maven3.0.4\boot\plexus-classworlds-2.4.jar"/>
    <property name="java.vm.specification.version" value="1.0"/>
    <property name="sun.arch.data.model" value="32"/>
    <property name="java.home" value="D:\Soft\Java\jre"/>
    <property name="java.specification.vendor" value="Sun Microsystems Inc."/>
    <property name="user.language" value="zh"/>
    <property name="awt.toolkit" value="sun.awt.windows.WToolkit"/>
    <property name="java.vm.info" value="mixed mode, sharing"/>
    <property name="java.version" value="1.6.0_01"/>
    <property name="java.ext.dirs" value="D:\Soft\Java\jre\lib\ext;C:\Windows\Sun\Java\lib\ext"/>
    <property name="sun.boot.class.path" value="D:\Soft\Java\jre\lib\resources.jar;D:\Soft\Java\jre\lib\rt.jar;D:\Soft\Java\jre\lib\sunrsasign.jar;D:\Soft\Java\jre\lib\jsse.jar;D:\Soft\Java\jre\lib\jce.jar;D:\Soft\Java\jre\lib\charsets.jar;D:\Soft\Java\jre\classes"/>
    <property name="java.vendor" value="Sun Microsystems Inc."/>
    <property name="maven.home" value="D:\Soft\Maven3.0.4"/>
    <property name="file.separator" value="\"/>
    <property name="java.vendor.url.bug" value="http://java.sun.com/cgi-bin/bugreport.cgi"/>
    <property name="sun.cpu.endian" value="little"/>
    <property name="sun.io.unicode.encoding" value="UnicodeLittle"/>
    <property name="sun.desktop" value="windows"/>
    <property name="sun.cpu.isalist" value="pentium_pro+mmx pentium_pro pentium+mmx pentium i486 i386 i86"/>
  </properties>
  <testcase time="2.847" classname="com.cj.ebike.service.ProductTest" name="testInsert"/>
  <testcase time="0.032" classname="com.cj.ebike.service.ProductTest" name="testLoad"/>
  <testcase time="0.053" classname="com.cj.ebike.service.ProductTest" name="testDetails"/>
</testsuite>