<?xml version="1.0" encoding="UTF-8" ?>
<testsuite failures="0" time="5.969" errors="0" skipped="0" tests="3" name="com.cj.ebike.service.ProductTest">
  <properties>
    <property name="java.runtime.name" value="Java(TM) SE Runtime Environment"/>
    <property name="sun.boot.library.path" value="D:\Soft\Java\jre\bin"/>
    <property name="java.vm.version" value="1.6.0_01-b06"/>
    <property name="java.vm.vendor" value="Sun Microsystems Inc."/>
    <property name="java.vendor.url" value="http://java.sun.com/"/>
    <property name="path.separator" value=";"/>
    <property name="guice.disable.misplaced.annotation.check" value="true"/>
    <property name="java.vm.name" value="Java HotSpot(TM) Client VM"/>
    <property name="file.encoding.pkg" value="sun.io"/>
    <property name="user.country" value="CN"/>
    <property name="sun.java.launcher" value="SUN_STANDARD"/>
    <property name="sun.os.patch.level" value="Service Pack 3"/>
    <property name="java.vm.specification.name" value="Java Virtual Machine Specification"/>
    <property name="user.dir" value="E:\MySpace\new\ebike\ebike-parent"/>
    <property name="java.runtime.version" value="1.6.0_01-b06"/>
    <property name="java.awt.graphicsenv" value="sun.awt.Win32GraphicsEnvironment"/>
    <property name="java.endorsed.dirs" value="D:\Soft\Java\jre\lib\endorsed"/>
    <property name="os.arch" value="x86"/>
    <property name="java.io.tmpdir" value="C:\DOCUME~1\admin\LOCALS~1\Temp\"/>
    <property name="line.separator" value="
"/>
    <property name="java.vm.specification.vendor" value="Sun Microsystems Inc."/>
    <property name="user.variant" value=""/>
    <property name="os.name" value="Windows XP"/>
    <property name="classworlds.conf" value="E:\MySpace\.metadata\.plugins\org.eclipse.m2e.core\launches\m2conf59110.tmp"/>
    <property name="sun.jnu.encoding" value="GBK"/>
    <property name="java.library.path" value="D:\Soft\Java\bin;.;C:\WINDOWS\Sun\Java\bin;C:\WINDOWS\system32;C:\WINDOWS;D:/Program Files/Java/bin/client;D:/Program Files/Java/bin;D:/Program Files/Java/lib/i386;D:\Soft\nexus-2.2-01-bundle\nexus-2.2-01\bin;D:\Soft\Maven3.0.4\bin;D:\Soft\Ant1.8\bin;D:\oracle\ora92\bin;C:\Program Files\Oracle\jre\1.3.1\bin;C:\Program Files\Oracle\jre\1.1.8\bin;D:\Soft\Java\bin;C:\WINDOWS\system32;C:\WINDOWS;C:\WINDOWS\System32\Wbem;C:\Program Files\Common Files\Thunder Network\KanKan\Codecs;D:\Program Files\Rational\common;C:\Program Files\Microsoft SQL Server\80\Tools\Binn\;C:\Program Files\Microsoft SQL Server\90\DTS\Binn\;C:\Program Files\Microsoft SQL Server\90\Tools\binn\;C:\Program Files\Microsoft SQL Server\90\Tools\Binn\VSShell\Common7\IDE\;C:\Program Files\Microsoft Visual Studio 8\Common7\IDE\PrivateAssemblies\;D:\ultraedit_d9soft.com\UltraEdit\;C:\Program Files\DBank\ClickUp;D:\Soft\eclipse-jee;"/>
    <property name="java.specification.name" value="Java Platform API Specification"/>
    <property name="java.class.version" value="50.0"/>
    <property name="sun.management.compiler" value="HotSpot Client Compiler"/>
    <property name="os.version" value="5.1"/>
    <property name="user.home" value="C:\Documents and Settings\admin"/>
    <property name="user.timezone" value="Asia/Shanghai"/>
    <property name="java.awt.printerjob" value="sun.awt.windows.WPrinterJob"/>
    <property name="file.encoding" value="GBK"/>
    <property name="java.specification.version" value="1.6"/>
    <property name="user.name" value="admin"/>
    <property name="java.class.path" value="D:\Soft\Maven3.0.4\boot\plexus-classworlds-2.4.jar"/>
    <property name="java.vm.specification.version" value="1.0"/>
    <property name="sun.arch.data.model" value="32"/>
    <property name="java.home" value="D:\Soft\Java\jre"/>
    <property name="java.specification.vendor" value="Sun Microsystems Inc."/>
    <property name="user.language" value="zh"/>
    <property name="awt.toolkit" value="sun.awt.windows.WToolkit"/>
    <property name="java.vm.info" value="mixed mode, sharing"/>
    <property name="java.version" value="1.6.0_01"/>
    <property name="java.ext.dirs" value="D:\Soft\Java\jre\lib\ext;C:\WINDOWS\Sun\Java\lib\ext"/>
    <property name="sun.boot.class.path" value="D:\Soft\Java\jre\lib\resources.jar;D:\Soft\Java\jre\lib\rt.jar;D:\Soft\Java\jre\lib\sunrsasign.jar;D:\Soft\Java\jre\lib\jsse.jar;D:\Soft\Java\jre\lib\jce.jar;D:\Soft\Java\jre\lib\charsets.jar;D:\Soft\Java\jre\classes"/>
    <property name="java.vendor" value="Sun Microsystems Inc."/>
    <property name="maven.home" value="D:\Soft\Maven3.0.4"/>
    <property name="file.separator" value="\"/>
    <property name="java.vendor.url.bug" value="http://java.sun.com/cgi-bin/bugreport.cgi"/>
    <property name="sun.cpu.endian" value="little"/>
    <property name="sun.io.unicode.encoding" value="UnicodeLittle"/>
    <property name="sun.desktop" value="windows"/>
    <property name="sun.cpu.isalist" value="pentium_pro+mmx pentium_pro pentium+mmx pentium i486 i386 i86"/>
  </properties>
  <testcase time="5.719" classname="com.cj.ebike.service.ProductTest" name="testInsert"/>
  <testcase time="0.016" classname="com.cj.ebike.service.ProductTest" name="testLoad"/>
  <testcase time="0.234" classname="com.cj.ebike.service.ProductTest" name="testDetails"/>
</testsuite>